2025-05-24 17:04:12 INFO: Inicio de la aplicación
2025-05-24 17:05:17 INFO: 
 Mascota 'Cosmo' registrada correctamente.
2025-05-24 17:05:59 WARNING: Opción inválida en menú: 8
2025-05-24 17:06:15 INFO: Saliendo del programa...
2025-05-24 17:06:29 INFO: Inicio de la aplicación
2025-05-24 17:06:41 INFO: 
 Mascota '3232' registrada correctamente.
2025-05-24 17:07:34 WARNING: Entrada fuera de rango: Valor 2 mayor que máximo 1.
2025-05-24 17:07:49 INFO: No hay consultas registradas para '3232'.
2025-05-24 17:08:16 WARNING: Opción inválida en menú: 6
2025-05-24 17:08:43 INFO: Interrupción del programa por el usuario.
2025-05-24 17:12:43 INFO: Inicio de la aplicación
2025-05-24 17:13:10 INFO: 
 Mascota 'Cosmo' registrada correctamente.
2025-05-24 17:13:24 WARNING: Entrada fuera de rango: Valor 3 mayor que máximo 1.
2025-05-24 17:13:42 INFO: 
 Consulta registrada para 'Cosmo'.
2025-05-24 17:14:38 WARNING: Entrada fuera de rango: Valor 3 mayor que máximo 1.
2025-05-24 17:14:40 INFO: Historial de consultas mostrado para 'Cosmo'.
2025-05-24 17:14:50 INFO: Saliendo del programa...
